<?xml version="1.0" encoding="UTF-8"?>
<!-- Generated by org.testng.reporters.JUnitXMLReporter -->
<testsuite hostname="Puja-DESKTOP-RHKM7B4" name="Default test" tests="2" failures="0" timestamp="2 Apr 2023 10:24:19 GMT" time="0.015" errors="0">
  <testcase name="ValidLogin" time="0.0" classname="TestsScripts.ValidLoginTest">
    <skipped/>
  </testcase> <!-- ValidLogin -->
  <testcase name="validateThanksMessage" time="0.0" classname="TestsScripts.ValidLoginTest">
    <skipped/>
  </testcase> <!-- validateThanksMessage -->
</testsuite> <!-- Default test -->
