<?xml version="1.0" encoding="UTF-8"?>
<!-- Generated by org.testng.reporters.JUnitXMLReporter -->
<testsuite hostname="Puja-DESKTOP-RHKM7B4" name="Surefire test" tests="2" failures="0" timestamp="3 Apr 2023 12:31:26 GMT" time="4.136" errors="0">
  <testcase name="InvalidLogin" time="0.0" classname="TestsScripts.InvalidLoginTest">
    <skipped/>
  </testcase> <!-- InvalidLogin -->
  <testcase name="zmavenEx" time="0.003" classname="TestsScripts.InvalidLoginTest"/>
</testsuite> <!-- Surefire test -->
