<?xml version="1.0" encoding="UTF-8"?>
<!-- Generated by org.testng.reporters.JUnitXMLReporter -->
<testsuite hostname="Puja-DESKTOP-RHKM7B4" name="chrome" tests="3" failures="0" timestamp="3 Apr 2023 08:31:04 GMT" time="21.814" errors="0">
  <testcase name="InvalidLogin" time="0.854" classname="TestsScripts.InvalidLoginTest"/>
  <testcase name="ValidLogin1" time="6.972" classname="TestsScripts.ValidLoginTest"/>
  <testcase name="ValidLogin1" time="6.164" classname="TestsScripts.ValidLoginTest"/>
</testsuite> <!-- chrome -->
