<?xml version="1.0" encoding="UTF-8"?>
<!-- Generated by org.testng.reporters.JUnitXMLReporter -->
<testsuite hostname="Puja-DESKTOP-RHKM7B4" name="chrome" tests="3" failures="0" timestamp="3 Apr 2023 12:02:32 GMT" time="37.157" errors="0">
  <testcase name="InvalidLogin" time="2.863" classname="TestsScripts.InvalidLoginTest"/>
  <testcase name="ValidLogin1" time="10.405" classname="TestsScripts.ValidLoginTest"/>
  <testcase name="ValidLogin1" time="6.922" classname="TestsScripts.ValidLoginTest"/>
</testsuite> <!-- chrome -->
