<?xml version="1.0" encoding="UTF-8"?>
<!-- Generated by org.testng.reporters.JUnitXMLReporter -->
<testsuite hostname="Puja-DESKTOP-RHKM7B4" name="firefox" tests="4" failures="0" timestamp="2 Apr 2023 16:26:59 GMT" time="30.761" errors="0">
  <testcase name="InvalidLogin" time="0.73" classname="TestsScripts.InvalidLoginTest"/>
  <testcase name="ValidLogin" time="0.852" classname="TestsScripts.ValidLoginTest"/>
  <testcase name="ValidLogin" time="0.621" classname="TestsScripts.ValidLoginTest"/>
  <testcase name="validateThanksMessage" time="1.907" classname="TestsScripts.ValidLoginTest"/>
</testsuite> <!-- firefox -->
