<?xml version="1.0" encoding="UTF-8"?>
<!-- Generated by org.testng.reporters.JUnitXMLReporter -->
<testsuite hostname="Puja-DESKTOP-RHKM7B4" name="chrome" tests="4" failures="0" timestamp="3 Apr 2023 16:21:01 GMT" time="38.601" errors="0">
  <testcase name="InvalidLogin" time="1.003" classname="TestsScripts.InvalidLoginTest"/>
  <testcase name="ValidLogin1" time="7.867" classname="TestsScripts.ValidLoginTest"/>
  <testcase name="zmavenEx" time="0.0" classname="TestsScripts.InvalidLoginTest"/>
  <testcase name="ValidLogin1" time="7.132" classname="TestsScripts.ValidLoginTest"/>
</testsuite> <!-- chrome -->
