<?xml version="1.0" encoding="UTF-8"?>
<!-- Generated by org.testng.reporters.JUnitXMLReporter -->
<testsuite hostname="Puja-DESKTOP-RHKM7B4" name="chrome" tests="4" failures="0" timestamp="3 Apr 2023 12:32:05 GMT" time="25.101" errors="0">
  <testcase name="InvalidLogin" time="0.466" classname="TestsScripts.InvalidLoginTest"/>
  <testcase name="zmavenEx" time="0.0" classname="TestsScripts.InvalidLoginTest"/>
  <testcase name="ValidLogin1" time="7.39" classname="TestsScripts.ValidLoginTest"/>
  <testcase name="ValidLogin1" time="7.051" classname="TestsScripts.ValidLoginTest"/>
</testsuite> <!-- chrome -->
