<?xml version="1.0" encoding="UTF-8"?>
<testng-results skipped="0" failed="0" total="3" passed="3">
  <reporter-output>
  </reporter-output>
  <suite name="Suite" duration-ms="21814" started-at="2023-04-03T08:30:42Z" finished-at="2023-04-03T08:31:04Z">
    <groups>
    </groups>
    <test name="chrome" duration-ms="21814" started-at="2023-04-03T08:30:42Z" finished-at="2023-04-03T08:31:04Z">
      <class name="TestsScripts.ValidLoginTest">
        <test-method status="PASS" signature="getUrl()[pri:0, instance:TestsScripts.ValidLoginTest@5562c41e]" name="getUrl" is-config="true" duration-ms="4190" started-at="2023-04-03T14:00:43Z" finished-at="2023-04-03T14:00:47Z">
          <reporter-output>
          </reporter-output>
        </test-method> <!-- getUrl -->
        <test-method status="PASS" signature="ValidLogin1(java.lang.String, java.lang.String, java.lang.String)[pri:1, instance:TestsScripts.ValidLoginTest@5562c41e]" name="ValidLogin1" duration-ms="6972" started-at="2023-04-03T14:00:47Z" data-provider="ValidLogin" finished-at="2023-04-03T14:00:54Z">
          <params>
            <param index="0">
              <value>
                <![CDATA[standard_user]]>
              </value>
            </param>
            <param index="1">
              <value>
                <![CDATA[secret_sauce]]>
              </value>
            </param>
            <param index="2">
              <value>
                <![CDATA[Sauce Labs Backpack]]>
              </value>
            </param>
          </params>
          <reporter-output>
          </reporter-output>
        </test-method> <!-- ValidLogin1 -->
        <test-method status="PASS" signature="close()[pri:0, instance:TestsScripts.ValidLoginTest@5562c41e]" name="close" is-config="true" duration-ms="233" started-at="2023-04-03T14:00:54Z" finished-at="2023-04-03T14:00:54Z">
          <reporter-output>
          </reporter-output>
        </test-method> <!-- close -->
        <test-method status="PASS" signature="getUrl()[pri:0, instance:TestsScripts.ValidLoginTest@5562c41e]" name="getUrl" is-config="true" duration-ms="3405" started-at="2023-04-03T14:00:54Z" finished-at="2023-04-03T14:00:57Z">
          <reporter-output>
          </reporter-output>
        </test-method> <!-- getUrl -->
        <test-method status="PASS" signature="ValidLogin1(java.lang.String, java.lang.String, java.lang.String)[pri:1, instance:TestsScripts.ValidLoginTest@5562c41e]" name="ValidLogin1" duration-ms="6164" started-at="2023-04-03T14:00:57Z" data-provider="ValidLogin" finished-at="2023-04-03T14:01:04Z">
          <params>
            <param index="0">
              <value>
                <![CDATA[standard_user]]>
              </value>
            </param>
            <param index="1">
              <value>
                <![CDATA[secret_sauce]]>
              </value>
            </param>
            <param index="2">
              <value>
                <![CDATA[Sauce Labs Onesie]]>
              </value>
            </param>
          </params>
          <reporter-output>
          </reporter-output>
        </test-method> <!-- ValidLogin1 -->
        <test-method status="PASS" signature="close()[pri:0, instance:TestsScripts.ValidLoginTest@5562c41e]" name="close" is-config="true" duration-ms="148" started-at="2023-04-03T14:01:04Z" finished-at="2023-04-03T14:01:04Z">
          <reporter-output>
          </reporter-output>
        </test-method> <!-- close -->
      </class> <!-- TestsScripts.ValidLoginTest -->
      <class name="TestsScripts.InvalidLoginTest">
        <test-method status="PASS" signature="getUrl()[pri:0, instance:TestsScripts.InvalidLoginTest@53fdffa1]" name="getUrl" is-config="true" duration-ms="4874" started-at="2023-04-03T14:00:42Z" finished-at="2023-04-03T14:00:47Z">
          <reporter-output>
          </reporter-output>
        </test-method> <!-- getUrl -->
        <test-method status="PASS" signature="InvalidLogin(java.lang.String, java.lang.String)[pri:0, instance:TestsScripts.InvalidLoginTest@53fdffa1]" name="InvalidLogin" duration-ms="854" started-at="2023-04-03T14:00:47Z" finished-at="2023-04-03T14:00:48Z">
          <params>
            <param index="0">
              <value>
                <![CDATA[standard_user]]>
              </value>
            </param>
            <param index="1">
              <value>
                <![CDATA[oibhbj]]>
              </value>
            </param>
          </params>
          <reporter-output>
          </reporter-output>
        </test-method> <!-- InvalidLogin -->
        <test-method status="PASS" signature="close()[pri:0, instance:TestsScripts.InvalidLoginTest@53fdffa1]" name="close" is-config="true" duration-ms="513" started-at="2023-04-03T14:00:48Z" finished-at="2023-04-03T14:00:48Z">
          <reporter-output>
          </reporter-output>
        </test-method> <!-- close -->
      </class> <!-- TestsScripts.InvalidLoginTest -->
    </test> <!-- chrome -->
  </suite> <!-- Suite -->
</testng-results>
